
watdfs_init()
	path_to_cache:/tmp/zrlu/cache
	cache_interval:5 s
fuse_context:
	fuse = 023544e0
	uid =  0
	gid =  0
	pid =  0
	private_data = 02352e70
	logfile = 02353eb0
	path_to_cache = /tmp/zrlu/cache
	umask = 00000

watdfs_getattr(path="/", statbuf=0x17a68b40)
watdfs_getattr(path="/", statbuf=0x17a68b40) returned=0
    si:
	st_dev =  105
	st_ino =  257816
	st_mode = 0 40775
	st_nlink =  2
	st_uid =  1000
	st_gid =  1000
	st_rdev =  0
	st_size =  4096
	st_blksize =  4096
	st_blocks =  8
	st_atime = 0x 5d97b4bd
	st_mtime = 0x 5d97b4bd
	st_ctime = 0x 5d97b4bd

watdfs_getattr(path="/", statbuf=0x17a68b40)
watdfs_getattr(path="/", statbuf=0x17a68b40) returned=0
    si:
	st_dev =  105
	st_ino =  257816
	st_mode = 0 40775
	st_nlink =  2
	st_uid =  1000
	st_gid =  1000
	st_rdev =  0
	st_size =  4096
	st_blksize =  4096
	st_blocks =  8
	st_atime = 0x 5d97b4bd
	st_mtime = 0x 5d97b4bd
	st_ctime = 0x 5d97b4bd

always_access(path="/", mask=01), returned:0

unimpl_opendir(path="/", fi=0x17a68b60)

watdfs_getattr(path="/a", statbuf=0x17a68b70)
watdfs_getattr(path="/a", statbuf=0x17a68b70) returned=-2
    si:
	st_dev =  0
	st_ino =  0
	st_mode = 0 0
	st_nlink =  0
	st_uid =  0
	st_gid =  0
	st_rdev =  0
	st_size =  0
	st_blksize =  0
	st_blocks =  0
	st_atime = 0x 00000000
	st_mtime = 0x 00000000
	st_ctime = 0x 00000000

watdfs_mknod(path="/a", mode=0100664, dev=0)
watdfs_mknod(path="/a", mode=0100664, dev=0) returned=0

watdfs_getattr(path="/a", statbuf=0x17a68b70)
watdfs_getattr(path="/a", statbuf=0x17a68b70) returned=0
    si:
	st_dev =  2049
	st_ino =  3690035
	st_mode = 0 100664
	st_nlink =  1
	st_uid =  1000
	st_gid =  1000
	st_rdev =  0
	st_size =  0
	st_blksize =  4096
	st_blocks =  0
	st_atime = 0x 5d97b4ff
	st_mtime = 0x 5d97b4ff
	st_ctime = 0x 5d97b4ff

watdfs_open(path"/a", fi=0x17a68c20)
    fi:
	flags = 0x 00008001
	fh_old = 0x 00000000
	writepage =  0
	direct_io =  0
	keep_cache =  0
	fh = 0x 0000000000000000
	lock_owner = 0x 0000000000000000
    fi:
	flags = 0x 00008001
	fh_old = 0x 00000000
	writepage =  0
	direct_io =  0
	keep_cache =  0
	fh = 0x 0000000000000006
	lock_owner = 0x 0000000000000000
watdfs_open(path"/a", fi=0x17a68c20) returned=0

always_flush(path="/a", fi=0x17a68c20), returned:0

watdfs_write(path="/a", buf=0x6b93c060, size=8, offset=0, fi=0x17a68c90)
    fi:
	flags = 0x 00008001
	fh_old = 0x 00000006
	writepage =  0
	direct_io =  0
	keep_cache =  0
	fh = 0x 0000000000000006
	lock_owner = 0x 06562897e615114d
watdfs_write(path="/a", buf=0x6b93c060, size=8, offset=0, fi=0x17a68c90) returned=8

always_flush(path="/a", fi=0x17a68c20), returned:0

watdfs_release(path="/a", fi=0x17a68c20)
    fi:
	flags = 0x 00008001
	fh_old = 0x 00000006
	writepage =  0
	direct_io =  0
	keep_cache =  0
	fh = 0x 0000000000000006
	lock_owner = 0x 0000000000000000
watdfs_release(path="/a", fi=0x17a68c20) returned=0

watdfs_getattr(path="/", statbuf=0x17a68b40)
watdfs_getattr(path="/", statbuf=0x17a68b40) returned=0
    si:
	st_dev =  105
	st_ino =  257816
	st_mode = 0 40775
	st_nlink =  2
	st_uid =  1000
	st_gid =  1000
	st_rdev =  0
	st_size =  4096
	st_blksize =  4096
	st_blocks =  8
	st_atime = 0x 5d97b4bd
	st_mtime = 0x 5d97b4ff
	st_ctime = 0x 5d97b4ff

always_access(path="/", mask=01), returned:0

unimpl_opendir(path="/", fi=0x17a68b60)

watdfs_getattr(path="/", statbuf=0x17a68b40)
watdfs_getattr(path="/", statbuf=0x17a68b40) returned=0
    si:
	st_dev =  105
	st_ino =  257816
	st_mode = 0 40775
	st_nlink =  2
	st_uid =  1000
	st_gid =  1000
	st_rdev =  0
	st_size =  4096
	st_blksize =  4096
	st_blocks =  8
	st_atime = 0x 5d97b4bd
	st_mtime = 0x 5d97b4ff
	st_ctime = 0x 5d97b4ff

watdfs_getattr(path="/", statbuf=0x17a68b40)
watdfs_getattr(path="/", statbuf=0x17a68b40) returned=0
    si:
	st_dev =  105
	st_ino =  257816
	st_mode = 0 40775
	st_nlink =  2
	st_uid =  1000
	st_gid =  1000
	st_rdev =  0
	st_size =  4096
	st_blksize =  4096
	st_blocks =  8
	st_atime = 0x 5d97b505
	st_mtime = 0x 5d97b4ff
	st_ctime = 0x 5d97b4ff

watdfs_getattr(path="/", statbuf=0x17a68b40)
watdfs_getattr(path="/", statbuf=0x17a68b40) returned=0
    si:
	st_dev =  105
	st_ino =  257816
	st_mode = 0 40775
	st_nlink =  2
	st_uid =  1000
	st_gid =  1000
	st_rdev =  0
	st_size =  4096
	st_blksize =  4096
	st_blocks =  8
	st_atime = 0x 5d97b505
	st_mtime = 0x 5d97b4ff
	st_ctime = 0x 5d97b4ff

always_access(path="/", mask=01), returned:0

unimpl_opendir(path="/", fi=0x17a68b60)

unimpl_opendir(path="/", fi=0x17a68b60)

watdfs_getattr(path="/", statbuf=0x17a68b40)
watdfs_getattr(path="/", statbuf=0x17a68b40) returned=0
    si:
	st_dev =  105
	st_ino =  257816
	st_mode = 0 40775
	st_nlink =  2
	st_uid =  1000
	st_gid =  1000
	st_rdev =  0
	st_size =  4096
	st_blksize =  4096
	st_blocks =  8
	st_atime = 0x 5d97b505
	st_mtime = 0x 5d97b4ff
	st_ctime = 0x 5d97b4ff

watdfs_getattr(path="/a", statbuf=0x17a68b70)
watdfs_getattr(path="/a", statbuf=0x17a68b70) returned=0
    si:
	st_dev =  2049
	st_ino =  3690035
	st_mode = 0 100664
	st_nlink =  1
	st_uid =  1000
	st_gid =  1000
	st_rdev =  0
	st_size =  8
	st_blksize =  4096
	st_blocks =  8
	st_atime = 0x 5d97b507
	st_mtime = 0x 5d97b500
	st_ctime = 0x 5d97b500

always_access(path="/a", mask=02), returned:0

unimpl_unlink(path="/a")

watdfs_getattr(path="/", statbuf=0x17a68b40)
watdfs_getattr(path="/", statbuf=0x17a68b40) returned=0
    si:
	st_dev =  105
	st_ino =  257816
	st_mode = 0 40775
	st_nlink =  2
	st_uid =  1000
	st_gid =  1000
	st_rdev =  0
	st_size =  4096
	st_blksize =  4096
	st_blocks =  8
	st_atime = 0x 5d97b505
	st_mtime = 0x 5d97b4ff
	st_ctime = 0x 5d97b4ff

watdfs_getattr(path="/,.", statbuf=0x17a68b70)
watdfs_getattr(path="/,.", statbuf=0x17a68b70) returned=-2
    si:
	st_dev =  0
	st_ino =  0
	st_mode = 0 0
	st_nlink =  0
	st_uid =  0
	st_gid =  0
	st_rdev =  0
	st_size =  0
	st_blksize =  0
	st_blocks =  0
	st_atime = 0x 00000000
	st_mtime = 0x 00000000
	st_ctime = 0x 00000000

watdfs_getattr(path="/,.", statbuf=0x17a68b70)
watdfs_getattr(path="/,.", statbuf=0x17a68b70) returned=-2
    si:
	st_dev =  0
	st_ino =  0
	st_mode = 0 0
	st_nlink =  0
	st_uid =  0
	st_gid =  0
	st_rdev =  0
	st_size =  0
	st_blksize =  0
	st_blocks =  0
	st_atime = 0x 00000000
	st_mtime = 0x 00000000
	st_ctime = 0x 00000000

watdfs_getattr(path="/,.", statbuf=0x17a68b70)
watdfs_getattr(path="/,.", statbuf=0x17a68b70) returned=-2
    si:
	st_dev =  0
	st_ino =  0
	st_mode = 0 0
	st_nlink =  0
	st_uid =  0
	st_gid =  0
	st_rdev =  0
	st_size =  0
	st_blksize =  0
	st_blocks =  0
	st_atime = 0x 00000000
	st_mtime = 0x 00000000
	st_ctime = 0x 00000000

watdfs_getattr(path="/", statbuf=0x17a68b40)
watdfs_getattr(path="/", statbuf=0x17a68b40) returned=0
    si:
	st_dev =  105
	st_ino =  257816
	st_mode = 0 40775
	st_nlink =  2
	st_uid =  1000
	st_gid =  1000
	st_rdev =  0
	st_size =  4096
	st_blksize =  4096
	st_blocks =  8
	st_atime = 0x 5d97b505
	st_mtime = 0x 5d97b4ff
	st_ctime = 0x 5d97b4ff
